/depot-kobold2d/Kobold2D_Packages/Kobold2D-2.1.0/__Kobold2D__/libs/Chipmunk-SpaceManager/src/PhysicsEditorExtras/cpCCSprite+PhysicsEditor.h:11: warning: Compound cpCCSprite(PhysicsEditor) is not documented.
/depot-kobold2d/Kobold2D_Packages/Kobold2D-2.1.0/__Kobold2D__/libs/Chipmunk-SpaceManager/src/ccExtras/cpConstraintNode.h:40: warning: Compound cpConstraintNode is not documented.
/depot-kobold2d/Kobold2D_Packages/Kobold2D-2.1.0/__Kobold2D__/libs/Chipmunk-SpaceManager/src/ccExtras/cpShapeNode.h:136: warning: Compound cpShapeTextureBatchNode is not documented.
/depot-kobold2d/Kobold2D_Packages/Kobold2D-2.1.0/__Kobold2D__/libs/Chipmunk-SpaceManager/src/cpSpaceSerializer/cpSpaceSerializer.h:25: warning: Compound cpSpaceSerializerDelegate is not documented.
/depot-kobold2d/Kobold2D_Packages/Kobold2D-2.1.0/__Kobold2D__/libs/Chipmunk-SpaceManager/src/ccExtras/cpCCNode.h:19: warning: Compound cpCCNode is not documented.
/depot-kobold2d/Kobold2D_Packages/Kobold2D-2.1.0/__Kobold2D__/libs/Chipmunk-SpaceManager/src/ccExtras/cpShapeNode.h:99: warning: Compound cpShapeTextureNode is not documented.
/depot-kobold2d/Kobold2D_Packages/Kobold2D-2.1.0/__Kobold2D__/libs/Chipmunk-SpaceManager/src/ccExtras/cpShapeNode.h:39: warning: Compound cpShapeNode is not documented.
/depot-kobold2d/Kobold2D_Packages/Kobold2D-2.1.0/__Kobold2D__/libs/Chipmunk-SpaceManager/src/cpSpaceSerializer/cpSpaceSerializer.h:43: warning: Compound cpSpaceSerializer is not documented.
/depot-kobold2d/Kobold2D_Packages/Kobold2D-2.1.0/__Kobold2D__/libs/Chipmunk-SpaceManager/src/cpExtras/cpPulleyJoint.h:49: warning: Compound cpPulleyJoint is not documented.
/depot-kobold2d/Kobold2D_Packages/Kobold2D-2.1.0/__Kobold2D__/libs/Chipmunk-SpaceManager/src/ccExtras/cpCCNode.h:20: warning: Member _implementation (variable) of class cpCCNode is not documented.
/depot-kobold2d/Kobold2D_Packages/Kobold2D-2.1.0/__Kobold2D__/libs/Chipmunk-SpaceManager/src/ccExtras/cpCCNodeImpl.h:89: warning: Member initWithNode:(id< cpCCNodeProtocol > node) (function) of class cpCCNodeImpl is not documented.
/depot-kobold2d/Kobold2D_Packages/Kobold2D-2.1.0/__Kobold2D__/libs/Chipmunk-SpaceManager/src/ccExtras/cpCCNodeImpl.h:90: warning: Member initWithShape:node:(cpShape *s,[node] id< cpCCNodeProtocol > node) (function) of class cpCCNodeImpl is not documented.
/depot-kobold2d/Kobold2D_Packages/Kobold2D-2.1.0/__Kobold2D__/libs/Chipmunk-SpaceManager/src/ccExtras/cpCCNodeImpl.h:91: warning: Member initWithBody:node:(cpBody *b,[node] id< cpCCNodeProtocol > node) (function) of class cpCCNodeImpl is not documented.
/depot-kobold2d/Kobold2D_Packages/Kobold2D-2.1.0/__Kobold2D__/libs/Chipmunk-SpaceManager/src/ccExtras/cpCCNodeImpl.h:93: warning: Member setRotation:(float rot) (function) of class cpCCNodeImpl is not documented.
/depot-kobold2d/Kobold2D_Packages/Kobold2D-2.1.0/__Kobold2D__/libs/Chipmunk-SpaceManager/src/ccExtras/cpCCNodeImpl.h:94: warning: Member setPosition:(cpVect pos) (function) of class cpCCNodeImpl is not documented.
/depot-kobold2d/Kobold2D_Packages/Kobold2D-2.1.0/__Kobold2D__/libs/Chipmunk-SpaceManager/src/ccExtras/cpCCNodeImpl.h:96: warning: Member applyImpulse:offset:(cpVect impulse,[offset] cpVect offset) (function) of class cpCCNodeImpl is not documented.
/depot-kobold2d/Kobold2D_Packages/Kobold2D-2.1.0/__Kobold2D__/libs/Chipmunk-SpaceManager/src/ccExtras/cpCCNodeImpl.h:97: warning: Member applyForce:offset:(cpVect force,[offset] cpVect offset) (function) of class cpCCNodeImpl is not documented.
/depot-kobold2d/Kobold2D_Packages/Kobold2D-2.1.0/__Kobold2D__/libs/Chipmunk-SpaceManager/src/ccExtras/cpCCNodeImpl.h:98: warning: Member resetForces() (function) of class cpCCNodeImpl is not documented.
/depot-kobold2d/Kobold2D_Packages/Kobold2D-2.1.0/__Kobold2D__/libs/Chipmunk-SpaceManager/src/ccExtras/cpCCNodeImpl.h:106: warning: Member syncNode:(CCNode *node) (function) of class cpCCNodeImpl is not documented.
/depot-kobold2d/Kobold2D_Packages/Kobold2D-2.1.0/__Kobold2D__/libs/Chipmunk-SpaceManager/src/ccExtras/cpCCNodeImpl.h:100: warning: Member yScaleRatio() (function) of class cpCCNodeImpl is not documented.
/depot-kobold2d/Kobold2D_Packages/Kobold2D-2.1.0/__Kobold2D__/libs/Chipmunk-SpaceManager/src/ccExtras/cpCCNodeImpl.h:101: warning: Member setYScaleRatio:(float yScaleRatio) (function) of class cpCCNodeImpl is not documented.
/depot-kobold2d/Kobold2D_Packages/Kobold2D-2.1.0/__Kobold2D__/libs/Chipmunk-SpaceManager/src/ccExtras/cpCCNodeImpl.h:103: warning: Member xScaleRatio() (function) of class cpCCNodeImpl is not documented.
/depot-kobold2d/Kobold2D_Packages/Kobold2D-2.1.0/__Kobold2D__/libs/Chipmunk-SpaceManager/src/ccExtras/cpCCNodeImpl.h:104: warning: Member setXScaleRatio:(float xScaleRatio) (function) of class cpCCNodeImpl is not documented.
/depot-kobold2d/Kobold2D_Packages/Kobold2D-2.1.0/__Kobold2D__/libs/Chipmunk-SpaceManager/src/ccExtras/cpCCNodeImpl.h:79: warning: Member _node (variable) of class cpCCNodeImpl is not documented.
/depot-kobold2d/Kobold2D_Packages/Kobold2D-2.1.0/__Kobold2D__/libs/Chipmunk-SpaceManager/src/ccExtras/cpCCNodeImpl.h:81: warning: Member _body (variable) of class cpCCNodeImpl is not documented.
/depot-kobold2d/Kobold2D_Packages/Kobold2D-2.1.0/__Kobold2D__/libs/Chipmunk-SpaceManager/src/ccExtras/cpCCNodeImpl.h:82: warning: Member _shape (variable) of class cpCCNodeImpl is not documented.
/depot-kobold2d/Kobold2D_Packages/Kobold2D-2.1.0/__Kobold2D__/libs/Chipmunk-SpaceManager/src/ccExtras/cpCCNodeImpl.h:83: warning: Member _spaceManager (variable) of class cpCCNodeImpl is not documented.
/depot-kobold2d/Kobold2D_Packages/Kobold2D-2.1.0/__Kobold2D__/libs/Chipmunk-SpaceManager/src/ccExtras/cpCCNodeImpl.h:84: warning: Member _ignoreRotation (variable) of class cpCCNodeImpl is not documented.
/depot-kobold2d/Kobold2D_Packages/Kobold2D-2.1.0/__Kobold2D__/libs/Chipmunk-SpaceManager/src/ccExtras/cpCCNodeImpl.h:85: warning: Member _autoFreeShapeAndBody (variable) of class cpCCNodeImpl is not documented.
/depot-kobold2d/Kobold2D_Packages/Kobold2D-2.1.0/__Kobold2D__/libs/Chipmunk-SpaceManager/src/ccExtras/cpCCNodeImpl.h:86: warning: Member _integrationDt (variable) of class cpCCNodeImpl is not documented.
/depot-kobold2d/Kobold2D_Packages/Kobold2D-2.1.0/__Kobold2D__/libs/Chipmunk-SpaceManager/src/ccExtras/cpCCNodeImpl.h:63: warning: Member applyImpulse:(cpVect impulse) (function) of class cpCCNodeProtocol-p is not documented.
/depot-kobold2d/Kobold2D_Packages/Kobold2D-2.1.0/__Kobold2D__/libs/Chipmunk-SpaceManager/src/ccExtras/cpCCNodeImpl.h:64: warning: Member applyImpulse:offset:(cpVect impulse,[offset] cpVect offset) (function) of class cpCCNodeProtocol-p is not documented.
/depot-kobold2d/Kobold2D_Packages/Kobold2D-2.1.0/__Kobold2D__/libs/Chipmunk-SpaceManager/src/ccExtras/cpCCNodeImpl.h:65: warning: Member applyForce:(cpVect force) (function) of class cpCCNodeProtocol-p is not documented.
/depot-kobold2d/Kobold2D_Packages/Kobold2D-2.1.0/__Kobold2D__/libs/Chipmunk-SpaceManager/src/ccExtras/cpCCNodeImpl.h:66: warning: Member applyForce:offset:(cpVect force,[offset] cpVect offset) (function) of class cpCCNodeProtocol-p is not documented.
/depot-kobold2d/Kobold2D_Packages/Kobold2D-2.1.0/__Kobold2D__/libs/Chipmunk-SpaceManager/src/ccExtras/cpCCNodeImpl.h:67: warning: Member resetForces() (function) of class cpCCNodeProtocol-p is not documented.
/depot-kobold2d/Kobold2D_Packages/Kobold2D-2.1.0/__Kobold2D__/libs/Chipmunk-SpaceManager/src/ccExtras/cpCCSprite.h:24: warning: Member _implementation (variable) of class cpCCSprite is not documented.
/depot-kobold2d/Kobold2D_Packages/Kobold2D-2.1.0/__Kobold2D__/libs/Chipmunk-SpaceManager/src/SpaceManager.h:58: warning: Member aboutToFreeConstraint:(cpConstraint *constraint) (function) of class cpConstraintCleanupDelegate-p is not documented.
/depot-kobold2d/Kobold2D_Packages/Kobold2D-2.1.0/__Kobold2D__/libs/Chipmunk-SpaceManager/src/ccExtras/cpConstraintNode.h:70: warning: Member initWithConstraint:(cpConstraint *c) (function) of class cpConstraintNode is not documented.
/depot-kobold2d/Kobold2D_Packages/Kobold2D-2.1.0/__Kobold2D__/libs/Chipmunk-SpaceManager/src/ccExtras/cpConstraintNode.h:73: warning: Member containsPoint:padding:(cpVect pt,[padding] cpFloat padding) (function) of class cpConstraintNode is not documented.
/depot-kobold2d/Kobold2D_Packages/Kobold2D-2.1.0/__Kobold2D__/libs/Chipmunk-SpaceManager/src/ccExtras/cpConstraintNode.h:69: warning: Member nodeWithConstraint:(cpConstraint *c) (function) of class cpConstraintNode is not documented.
/depot-kobold2d/Kobold2D_Packages/Kobold2D-2.1.0/__Kobold2D__/libs/Chipmunk-SpaceManager/src/ccExtras/cpConstraintNode.h:41: warning: Member _constraint (variable) of class cpConstraintNode is not documented.
/depot-kobold2d/Kobold2D_Packages/Kobold2D-2.1.0/__Kobold2D__/libs/Chipmunk-SpaceManager/src/ccExtras/cpConstraintNode.h:43: warning: Member _autoFreeConstraint (variable) of class cpConstraintNode is not documented.
/depot-kobold2d/Kobold2D_Packages/Kobold2D-2.1.0/__Kobold2D__/libs/Chipmunk-SpaceManager/src/ccExtras/cpConstraintNode.h:44: warning: Member _spaceManager (variable) of class cpConstraintNode is not documented.
/depot-kobold2d/Kobold2D_Packages/Kobold2D-2.1.0/__Kobold2D__/libs/Chipmunk-SpaceManager/src/ccExtras/cpConstraintNode.h:46: warning: Member _color (variable) of class cpConstraintNode is not documented.
/depot-kobold2d/Kobold2D_Packages/Kobold2D-2.1.0/__Kobold2D__/libs/Chipmunk-SpaceManager/src/ccExtras/cpConstraintNode.h:47: warning: Member _opacity (variable) of class cpConstraintNode is not documented.
/depot-kobold2d/Kobold2D_Packages/Kobold2D-2.1.0/__Kobold2D__/libs/Chipmunk-SpaceManager/src/ccExtras/cpConstraintNode.h:49: warning: Member _pointSize (variable) of class cpConstraintNode is not documented.
/depot-kobold2d/Kobold2D_Packages/Kobold2D-2.1.0/__Kobold2D__/libs/Chipmunk-SpaceManager/src/ccExtras/cpConstraintNode.h:50: warning: Member _lineWidth (variable) of class cpConstraintNode is not documented.
/depot-kobold2d/Kobold2D_Packages/Kobold2D-2.1.0/__Kobold2D__/libs/Chipmunk-SpaceManager/src/ccExtras/cpConstraintNode.h:51: warning: Member _smoothDraw (variable) of class cpConstraintNode is not documented.
/depot-kobold2d/Kobold2D_Packages/Kobold2D-2.1.0/__Kobold2D__/libs/Chipmunk-SpaceManager/src/ccExtras/cpConstraintNode.h:58: warning: Member constraint (property) of class cpConstraintNode is not documented.
/depot-kobold2d/Kobold2D_Packages/Kobold2D-2.1.0/__Kobold2D__/libs/Chipmunk-SpaceManager/src/ccExtras/cpConstraintNode.h:59: warning: Member autoFreeConstraint (property) of class cpConstraintNode is not documented.
/depot-kobold2d/Kobold2D_Packages/Kobold2D-2.1.0/__Kobold2D__/libs/Chipmunk-SpaceManager/src/ccExtras/cpConstraintNode.h:60: warning: Member spaceManager (property) of class cpConstraintNode is not documented.
/depot-kobold2d/Kobold2D_Packages/Kobold2D-2.1.0/__Kobold2D__/libs/Chipmunk-SpaceManager/src/ccExtras/cpConstraintNode.h:62: warning: Member color (property) of class cpConstraintNode is not documented.
/depot-kobold2d/Kobold2D_Packages/Kobold2D-2.1.0/__Kobold2D__/libs/Chipmunk-SpaceManager/src/ccExtras/cpConstraintNode.h:63: warning: Member opacity (property) of class cpConstraintNode is not documented.
/depot-kobold2d/Kobold2D_Packages/Kobold2D-2.1.0/__Kobold2D__/libs/Chipmunk-SpaceManager/src/ccExtras/cpConstraintNode.h:65: warning: Member pointSize (property) of class cpConstraintNode is not documented.
/depot-kobold2d/Kobold2D_Packages/Kobold2D-2.1.0/__Kobold2D__/libs/Chipmunk-SpaceManager/src/ccExtras/cpConstraintNode.h:66: warning: Member lineWidth (property) of class cpConstraintNode is not documented.
/depot-kobold2d/Kobold2D_Packages/Kobold2D-2.1.0/__Kobold2D__/libs/Chipmunk-SpaceManager/src/ccExtras/cpConstraintNode.h:67: warning: Member smoothDraw (property) of class cpConstraintNode is not documented.
/depot-kobold2d/Kobold2D_Packages/Kobold2D-2.1.0/__Kobold2D__/libs/Chipmunk-SpaceManager/src/cpExtras/cpPulleyJoint.h:50: warning: Member constraint (variable) of class cpPulleyJoint is not documented.
/depot-kobold2d/Kobold2D_Packages/Kobold2D-2.1.0/__Kobold2D__/libs/Chipmunk-SpaceManager/src/cpExtras/cpPulleyJoint.h:51: warning: Member c (variable) of class cpPulleyJoint is not documented.
/depot-kobold2d/Kobold2D_Packages/Kobold2D-2.1.0/__Kobold2D__/libs/Chipmunk-SpaceManager/src/cpExtras/cpPulleyJoint.h:52: warning: Member anchr1 (variable) of class cpPulleyJoint is not documented.
/depot-kobold2d/Kobold2D_Packages/Kobold2D-2.1.0/__Kobold2D__/libs/Chipmunk-SpaceManager/src/cpExtras/cpPulleyJoint.h:52: warning: Member anchr2 (variable) of class cpPulleyJoint is not documented.
/depot-kobold2d/Kobold2D_Packages/Kobold2D-2.1.0/__Kobold2D__/libs/Chipmunk-SpaceManager/src/cpExtras/cpPulleyJoint.h:53: warning: Member anchr3a (variable) of class cpPulleyJoint is not documented.
/depot-kobold2d/Kobold2D_Packages/Kobold2D-2.1.0/__Kobold2D__/libs/Chipmunk-SpaceManager/src/cpExtras/cpPulleyJoint.h:53: warning: Member anchr3b (variable) of class cpPulleyJoint is not documented.
/depot-kobold2d/Kobold2D_Packages/Kobold2D-2.1.0/__Kobold2D__/libs/Chipmunk-SpaceManager/src/cpExtras/cpPulleyJoint.h:55: warning: Member dist1 (variable) of class cpPulleyJoint is not documented.
/depot-kobold2d/Kobold2D_Packages/Kobold2D-2.1.0/__Kobold2D__/libs/Chipmunk-SpaceManager/src/cpExtras/cpPulleyJoint.h:55: warning: Member dist2 (variable) of class cpPulleyJoint is not documented.
/depot-kobold2d/Kobold2D_Packages/Kobold2D-2.1.0/__Kobold2D__/libs/Chipmunk-SpaceManager/src/cpExtras/cpPulleyJoint.h:56: warning: Member max1 (variable) of class cpPulleyJoint is not documented.
/depot-kobold2d/Kobold2D_Packages/Kobold2D-2.1.0/__Kobold2D__/libs/Chipmunk-SpaceManager/src/cpExtras/cpPulleyJoint.h:56: warning: Member max2 (variable) of class cpPulleyJoint is not documented.
/depot-kobold2d/Kobold2D_Packages/Kobold2D-2.1.0/__Kobold2D__/libs/Chipmunk-SpaceManager/src/cpExtras/cpPulleyJoint.h:58: warning: Member ratio (variable) of class cpPulleyJoint is not documented.
/depot-kobold2d/Kobold2D_Packages/Kobold2D-2.1.0/__Kobold2D__/libs/Chipmunk-SpaceManager/src/cpExtras/cpPulleyJoint.h:60: warning: Member r1 (variable) of class cpPulleyJoint is not documented.
/depot-kobold2d/Kobold2D_Packages/Kobold2D-2.1.0/__Kobold2D__/libs/Chipmunk-SpaceManager/src/cpExtras/cpPulleyJoint.h:60: warning: Member r2 (variable) of class cpPulleyJoint is not documented.
/depot-kobold2d/Kobold2D_Packages/Kobold2D-2.1.0/__Kobold2D__/libs/Chipmunk-SpaceManager/src/cpExtras/cpPulleyJoint.h:62: warning: Member u1 (variable) of class cpPulleyJoint is not documented.
/depot-kobold2d/Kobold2D_Packages/Kobold2D-2.1.0/__Kobold2D__/libs/Chipmunk-SpaceManager/src/cpExtras/cpPulleyJoint.h:63: warning: Member u2 (variable) of class cpPulleyJoint is not documented.
/depot-kobold2d/Kobold2D_Packages/Kobold2D-2.1.0/__Kobold2D__/libs/Chipmunk-SpaceManager/src/cpExtras/cpPulleyJoint.h:65: warning: Member constant (variable) of class cpPulleyJoint is not documented.
/depot-kobold2d/Kobold2D_Packages/Kobold2D-2.1.0/__Kobold2D__/libs/Chipmunk-SpaceManager/src/cpExtras/cpPulleyJoint.h:68: warning: Member pulleyMass (variable) of class cpPulleyJoint is not documented.
/depot-kobold2d/Kobold2D_Packages/Kobold2D-2.1.0/__Kobold2D__/libs/Chipmunk-SpaceManager/src/cpExtras/cpPulleyJoint.h:69: warning: Member limitMass1 (variable) of class cpPulleyJoint is not documented.
/depot-kobold2d/Kobold2D_Packages/Kobold2D-2.1.0/__Kobold2D__/libs/Chipmunk-SpaceManager/src/cpExtras/cpPulleyJoint.h:70: warning: Member limitMass2 (variable) of class cpPulleyJoint is not documented.
/depot-kobold2d/Kobold2D_Packages/Kobold2D-2.1.0/__Kobold2D__/libs/Chipmunk-SpaceManager/src/cpExtras/cpPulleyJoint.h:73: warning: Member jnAcc (variable) of class cpPulleyJoint is not documented.
/depot-kobold2d/Kobold2D_Packages/Kobold2D-2.1.0/__Kobold2D__/libs/Chipmunk-SpaceManager/src/cpExtras/cpPulleyJoint.h:74: warning: Member jnAccLim1 (variable) of class cpPulleyJoint is not documented.
/depot-kobold2d/Kobold2D_Packages/Kobold2D-2.1.0/__Kobold2D__/libs/Chipmunk-SpaceManager/src/cpExtras/cpPulleyJoint.h:75: warning: Member jnAccLim2 (variable) of class cpPulleyJoint is not documented.
/depot-kobold2d/Kobold2D_Packages/Kobold2D-2.1.0/__Kobold2D__/libs/Chipmunk-SpaceManager/src/cpExtras/cpPulleyJoint.h:78: warning: Member state (variable) of class cpPulleyJoint is not documented.
/depot-kobold2d/Kobold2D_Packages/Kobold2D-2.1.0/__Kobold2D__/libs/Chipmunk-SpaceManager/src/cpExtras/cpPulleyJoint.h:79: warning: Member limitState1 (variable) of class cpPulleyJoint is not documented.
/depot-kobold2d/Kobold2D_Packages/Kobold2D-2.1.0/__Kobold2D__/libs/Chipmunk-SpaceManager/src/cpExtras/cpPulleyJoint.h:80: warning: Member limitState2 (variable) of class cpPulleyJoint is not documented.
/depot-kobold2d/Kobold2D_Packages/Kobold2D-2.1.0/__Kobold2D__/libs/Chipmunk-SpaceManager/src/ccExtras/cpShapeNode.h:41: warning: Member _color (variable) of class cpShapeNode is not documented.
/depot-kobold2d/Kobold2D_Packages/Kobold2D-2.1.0/__Kobold2D__/libs/Chipmunk-SpaceManager/src/ccExtras/cpShapeNode.h:43: warning: Member _pointSize (variable) of class cpShapeNode is not documented.
/depot-kobold2d/Kobold2D_Packages/Kobold2D-2.1.0/__Kobold2D__/libs/Chipmunk-SpaceManager/src/ccExtras/cpShapeNode.h:44: warning: Member _lineWidth (variable) of class cpShapeNode is not documented.
/depot-kobold2d/Kobold2D_Packages/Kobold2D-2.1.0/__Kobold2D__/libs/Chipmunk-SpaceManager/src/ccExtras/cpShapeNode.h:45: warning: Member _smoothDraw (variable) of class cpShapeNode is not documented.
/depot-kobold2d/Kobold2D_Packages/Kobold2D-2.1.0/__Kobold2D__/libs/Chipmunk-SpaceManager/src/ccExtras/cpShapeNode.h:46: warning: Member _fillShape (variable) of class cpShapeNode is not documented.
/depot-kobold2d/Kobold2D_Packages/Kobold2D-2.1.0/__Kobold2D__/libs/Chipmunk-SpaceManager/src/ccExtras/cpShapeNode.h:47: warning: Member _drawDecoration (variable) of class cpShapeNode is not documented.
/depot-kobold2d/Kobold2D_Packages/Kobold2D-2.1.0/__Kobold2D__/libs/Chipmunk-SpaceManager/src/ccExtras/cpShapeNode.h:48: warning: Member _cacheDraw (variable) of class cpShapeNode is not documented.
/depot-kobold2d/Kobold2D_Packages/Kobold2D-2.1.0/__Kobold2D__/libs/Chipmunk-SpaceManager/src/ccExtras/cpShapeNode.h:51: warning: Member _lastType (variable) of class cpShapeNode is not documented.
/depot-kobold2d/Kobold2D_Packages/Kobold2D-2.1.0/__Kobold2D__/libs/Chipmunk-SpaceManager/src/ccExtras/cpShapeNode.h:52: warning: Member _vertices (variable) of class cpShapeNode is not documented.
/depot-kobold2d/Kobold2D_Packages/Kobold2D-2.1.0/__Kobold2D__/libs/Chipmunk-SpaceManager/src/ccExtras/cpShapeNode.h:53: warning: Member _vertices_count (variable) of class cpShapeNode is not documented.
/depot-kobold2d/Kobold2D_Packages/Kobold2D-2.1.0/__Kobold2D__/libs/Chipmunk-SpaceManager/src/ccExtras/cpShapeNode.h:57: warning: Member _shape (variable) of class cpShapeNode is not documented.
/depot-kobold2d/Kobold2D_Packages/Kobold2D-2.1.0/__Kobold2D__/libs/Chipmunk-SpaceManager/src/ccExtras/cpShapeNode.h:137: warning: Member _texture (variable) of class cpShapeTextureBatchNode is not documented.
/depot-kobold2d/Kobold2D_Packages/Kobold2D-2.1.0/__Kobold2D__/libs/Chipmunk-SpaceManager/src/ccExtras/cpShapeNode.h:140: warning: Member texture (property) of class cpShapeTextureBatchNode is not documented.
/depot-kobold2d/Kobold2D_Packages/Kobold2D-2.1.0/__Kobold2D__/libs/Chipmunk-SpaceManager/src/ccExtras/cpShapeNode.h:101: warning: Member _batchNode (variable) of class cpShapeTextureNode is not documented.
/depot-kobold2d/Kobold2D_Packages/Kobold2D-2.1.0/__Kobold2D__/libs/Chipmunk-SpaceManager/src/ccExtras/cpShapeNode.h:103: warning: Member _textureOffset (variable) of class cpShapeTextureNode is not documented.
/depot-kobold2d/Kobold2D_Packages/Kobold2D-2.1.0/__Kobold2D__/libs/Chipmunk-SpaceManager/src/ccExtras/cpShapeNode.h:104: warning: Member _textureRotation (variable) of class cpShapeTextureNode is not documented.
/depot-kobold2d/Kobold2D_Packages/Kobold2D-2.1.0/__Kobold2D__/libs/Chipmunk-SpaceManager/src/ccExtras/cpShapeNode.h:107: warning: Member _coordinates (variable) of class cpShapeTextureNode is not documented.
/depot-kobold2d/Kobold2D_Packages/Kobold2D-2.1.0/__Kobold2D__/libs/Chipmunk-SpaceManager/src/ccExtras/cpShapeNode.h:108: warning: Member _colors (variable) of class cpShapeTextureNode is not documented.
/depot-kobold2d/Kobold2D_Packages/Kobold2D-2.1.0/__Kobold2D__/libs/Chipmunk-SpaceManager/src/ccExtras/cpShapeNode.h:100: warning: Member _texture (property) of class cpShapeTextureNode is not documented.
/depot-kobold2d/Kobold2D_Packages/Kobold2D-2.1.0/__Kobold2D__/libs/Chipmunk-SpaceManager/src/ccExtras/cpShapeNode.h:111: warning: Member texture (property) of class cpShapeTextureNode is not documented.
/depot-kobold2d/Kobold2D_Packages/Kobold2D-2.1.0/__Kobold2D__/libs/Chipmunk-SpaceManager/src/ccExtras/cpShapeNode.h:112: warning: Member textureOffset (property) of class cpShapeTextureNode is not documented.
/depot-kobold2d/Kobold2D_Packages/Kobold2D-2.1.0/__Kobold2D__/libs/Chipmunk-SpaceManager/src/ccExtras/cpShapeNode.h:113: warning: Member textureRotation (property) of class cpShapeTextureNode is not documented.
/depot-kobold2d/Kobold2D_Packages/Kobold2D-2.1.0/__Kobold2D__/libs/Chipmunk-SpaceManager/src/cpSpaceSerializer/cpSpaceSerializer.h:99: warning: Member BodyMap (typedef) of class cpSpaceSerializer is not documented.
/depot-kobold2d/Kobold2D_Packages/Kobold2D-2.1.0/__Kobold2D__/libs/Chipmunk-SpaceManager/src/cpSpaceSerializer/cpSpaceSerializer.h:100: warning: Member ShapeMap (typedef) of class cpSpaceSerializer is not documented.
/depot-kobold2d/Kobold2D_Packages/Kobold2D-2.1.0/__Kobold2D__/libs/Chipmunk-SpaceManager/src/cpSpaceSerializer/cpSpaceSerializer.h:46: warning: Member cpSpaceSerializer(cpSpaceSerializerDelegate *delegate) (function) of class cpSpaceSerializer is not documented.
/depot-kobold2d/Kobold2D_Packages/Kobold2D-2.1.0/__Kobold2D__/libs/Chipmunk-SpaceManager/src/cpSpaceSerializer/cpSpaceSerializer.h:48: warning: Member load(const char *filename) (function) of class cpSpaceSerializer is not documented.
/depot-kobold2d/Kobold2D_Packages/Kobold2D-2.1.0/__Kobold2D__/libs/Chipmunk-SpaceManager/src/cpSpaceSerializer/cpSpaceSerializer.h:49: warning: Member load(cpSpace *space, const char *filename) (function) of class cpSpaceSerializer is not documented.
/depot-kobold2d/Kobold2D_Packages/Kobold2D-2.1.0/__Kobold2D__/libs/Chipmunk-SpaceManager/src/cpSpaceSerializer/cpSpaceSerializer.h:50: warning: Member save(cpSpace *space, const char *filename) (function) of class cpSpaceSerializer is not documented.
/depot-kobold2d/Kobold2D_Packages/Kobold2D-2.1.0/__Kobold2D__/libs/Chipmunk-SpaceManager/src/cpSpaceSerializer/cpSpaceSerializer.h:55: warning: Member createShape(TiXmlElement *elm) (function) of class cpSpaceSerializer is not documented.
/depot-kobold2d/Kobold2D_Packages/Kobold2D-2.1.0/__Kobold2D__/libs/Chipmunk-SpaceManager/src/cpSpaceSerializer/cpSpaceSerializer.h:56: warning: Member createCircle(TiXmlElement *elm) (function) of class cpSpaceSerializer is not documented.
/depot-kobold2d/Kobold2D_Packages/Kobold2D-2.1.0/__Kobold2D__/libs/Chipmunk-SpaceManager/src/cpSpaceSerializer/cpSpaceSerializer.h:57: warning: Member createSegment(TiXmlElement *elm) (function) of class cpSpaceSerializer is not documented.
/depot-kobold2d/Kobold2D_Packages/Kobold2D-2.1.0/__Kobold2D__/libs/Chipmunk-SpaceManager/src/cpSpaceSerializer/cpSpaceSerializer.h:58: warning: Member createPoly(TiXmlElement *elm) (function) of class cpSpaceSerializer is not documented.
/depot-kobold2d/Kobold2D_Packages/Kobold2D-2.1.0/__Kobold2D__/libs/Chipmunk-SpaceManager/src/cpSpaceSerializer/cpSpaceSerializer.h:60: warning: Member createBody(TiXmlElement *elm) (function) of class cpSpaceSerializer is not documented.
/depot-kobold2d/Kobold2D_Packages/Kobold2D-2.1.0/__Kobold2D__/libs/Chipmunk-SpaceManager/src/cpSpaceSerializer/cpSpaceSerializer.h:62: warning: Member createBodies(TiXmlElement *elm, cpBody **a, cpBody **b) (function) of class cpSpaceSerializer is not documented.
/depot-kobold2d/Kobold2D_Packages/Kobold2D-2.1.0/__Kobold2D__/libs/Chipmunk-SpaceManager/src/cpSpaceSerializer/cpSpaceSerializer.h:63: warning: Member createConstraint(TiXmlElement *elm) (function) of class cpSpaceSerializer is not documented.
/depot-kobold2d/Kobold2D_Packages/Kobold2D-2.1.0/__Kobold2D__/libs/Chipmunk-SpaceManager/src/cpSpaceSerializer/cpSpaceSerializer.h:64: warning: Member createPinJoint(TiXmlElement *elm) (function) of class cpSpaceSerializer is not documented.
/depot-kobold2d/Kobold2D_Packages/Kobold2D-2.1.0/__Kobold2D__/libs/Chipmunk-SpaceManager/src/cpSpaceSerializer/cpSpaceSerializer.h:65: warning: Member createSlideJoint(TiXmlElement *elm) (function) of class cpSpaceSerializer is not documented.
/depot-kobold2d/Kobold2D_Packages/Kobold2D-2.1.0/__Kobold2D__/libs/Chipmunk-SpaceManager/src/cpSpaceSerializer/cpSpaceSerializer.h:66: warning: Member createPivotJoint(TiXmlElement *elm) (function) of class cpSpaceSerializer is not documented.
/depot-kobold2d/Kobold2D_Packages/Kobold2D-2.1.0/__Kobold2D__/libs/Chipmunk-SpaceManager/src/cpSpaceSerializer/cpSpaceSerializer.h:67: warning: Member createGrooveJoint(TiXmlElement *elm) (function) of class cpSpaceSerializer is not documented.
/depot-kobold2d/Kobold2D_Packages/Kobold2D-2.1.0/__Kobold2D__/libs/Chipmunk-SpaceManager/src/cpSpaceSerializer/cpSpaceSerializer.h:68: warning: Member createMotorJoint(TiXmlElement *elm) (function) of class cpSpaceSerializer is not documented.
/depot-kobold2d/Kobold2D_Packages/Kobold2D-2.1.0/__Kobold2D__/libs/Chipmunk-SpaceManager/src/cpSpaceSerializer/cpSpaceSerializer.h:69: warning: Member createGearJoint(TiXmlElement *elm) (function) of class cpSpaceSerializer is not documented.
/depot-kobold2d/Kobold2D_Packages/Kobold2D-2.1.0/__Kobold2D__/libs/Chipmunk-SpaceManager/src/cpSpaceSerializer/cpSpaceSerializer.h:70: warning: Member createSpringJoint(TiXmlElement *elm) (function) of class cpSpaceSerializer is not documented.
/depot-kobold2d/Kobold2D_Packages/Kobold2D-2.1.0/__Kobold2D__/libs/Chipmunk-SpaceManager/src/cpSpaceSerializer/cpSpaceSerializer.h:71: warning: Member createRotaryLimitJoint(TiXmlElement *elm) (function) of class cpSpaceSerializer is not documented.
/depot-kobold2d/Kobold2D_Packages/Kobold2D-2.1.0/__Kobold2D__/libs/Chipmunk-SpaceManager/src/cpSpaceSerializer/cpSpaceSerializer.h:72: warning: Member createRatchetJoint(TiXmlElement *elm) (function) of class cpSpaceSerializer is not documented.
/depot-kobold2d/Kobold2D_Packages/Kobold2D-2.1.0/__Kobold2D__/libs/Chipmunk-SpaceManager/src/cpSpaceSerializer/cpSpaceSerializer.h:73: warning: Member createRotarySpringJoint(TiXmlElement *elm) (function) of class cpSpaceSerializer is not documented.
/depot-kobold2d/Kobold2D_Packages/Kobold2D-2.1.0/__Kobold2D__/libs/Chipmunk-SpaceManager/src/cpSpaceSerializer/cpSpaceSerializer.h:75: warning: Member createPoint(const char *name, TiXmlElement *elm) (function) of class cpSpaceSerializer is not documented.
/depot-kobold2d/Kobold2D_Packages/Kobold2D-2.1.0/__Kobold2D__/libs/Chipmunk-SpaceManager/src/cpSpaceSerializer/cpSpaceSerializer.h:78: warning: Member createShapeElm(cpShape *shape) (function) of class cpSpaceSerializer is not documented.
/depot-kobold2d/Kobold2D_Packages/Kobold2D-2.1.0/__Kobold2D__/libs/Chipmunk-SpaceManager/src/cpSpaceSerializer/cpSpaceSerializer.h:79: warning: Member createCircleElm(cpShape *shape) (function) of class cpSpaceSerializer is not documented.
/depot-kobold2d/Kobold2D_Packages/Kobold2D-2.1.0/__Kobold2D__/libs/Chipmunk-SpaceManager/src/cpSpaceSerializer/cpSpaceSerializer.h:80: warning: Member createSegmentElm(cpShape *shape) (function) of class cpSpaceSerializer is not documented.
/depot-kobold2d/Kobold2D_Packages/Kobold2D-2.1.0/__Kobold2D__/libs/Chipmunk-SpaceManager/src/cpSpaceSerializer/cpSpaceSerializer.h:81: warning: Member createPolyElm(cpShape *shape) (function) of class cpSpaceSerializer is not documented.
/depot-kobold2d/Kobold2D_Packages/Kobold2D-2.1.0/__Kobold2D__/libs/Chipmunk-SpaceManager/src/cpSpaceSerializer/cpSpaceSerializer.h:83: warning: Member createBodyElm(cpBody *body) (function) of class cpSpaceSerializer is not documented.
/depot-kobold2d/Kobold2D_Packages/Kobold2D-2.1.0/__Kobold2D__/libs/Chipmunk-SpaceManager/src/cpSpaceSerializer/cpSpaceSerializer.h:85: warning: Member createConstraintElm(cpConstraint *constraint) (function) of class cpSpaceSerializer is not documented.
/depot-kobold2d/Kobold2D_Packages/Kobold2D-2.1.0/__Kobold2D__/libs/Chipmunk-SpaceManager/src/cpSpaceSerializer/cpSpaceSerializer.h:86: warning: Member createPinJointElm(cpPinJoint *constraint) (function) of class cpSpaceSerializer is not documented.
/depot-kobold2d/Kobold2D_Packages/Kobold2D-2.1.0/__Kobold2D__/libs/Chipmunk-SpaceManager/src/cpSpaceSerializer/cpSpaceSerializer.h:87: warning: Member createSlideJointElm(cpSlideJoint *constraint) (function) of class cpSpaceSerializer is not documented.
/depot-kobold2d/Kobold2D_Packages/Kobold2D-2.1.0/__Kobold2D__/libs/Chipmunk-SpaceManager/src/cpSpaceSerializer/cpSpaceSerializer.h:88: warning: Member createPivotJointElm(cpPivotJoint *constraint) (function) of class cpSpaceSerializer is not documented.
/depot-kobold2d/Kobold2D_Packages/Kobold2D-2.1.0/__Kobold2D__/libs/Chipmunk-SpaceManager/src/cpSpaceSerializer/cpSpaceSerializer.h:89: warning: Member createGrooveJointElm(cpGrooveJoint *constraint) (function) of class cpSpaceSerializer is not documented.
/depot-kobold2d/Kobold2D_Packages/Kobold2D-2.1.0/__Kobold2D__/libs/Chipmunk-SpaceManager/src/cpSpaceSerializer/cpSpaceSerializer.h:90: warning: Member createMotorJointElm(cpSimpleMotor *constraint) (function) of class cpSpaceSerializer is not documented.
/depot-kobold2d/Kobold2D_Packages/Kobold2D-2.1.0/__Kobold2D__/libs/Chipmunk-SpaceManager/src/cpSpaceSerializer/cpSpaceSerializer.h:91: warning: Member createGearJointElm(cpGearJoint *constraint) (function) of class cpSpaceSerializer is not documented.
/depot-kobold2d/Kobold2D_Packages/Kobold2D-2.1.0/__Kobold2D__/libs/Chipmunk-SpaceManager/src/cpSpaceSerializer/cpSpaceSerializer.h:92: warning: Member createSpringJointElm(cpDampedSpring *constraint) (function) of class cpSpaceSerializer is not documented.
/depot-kobold2d/Kobold2D_Packages/Kobold2D-2.1.0/__Kobold2D__/libs/Chipmunk-SpaceManager/src/cpSpaceSerializer/cpSpaceSerializer.h:93: warning: Member createRotaryLimitJointElm(cpRotaryLimitJoint *constraint) (function) of class cpSpaceSerializer is not documented.
/depot-kobold2d/Kobold2D_Packages/Kobold2D-2.1.0/__Kobold2D__/libs/Chipmunk-SpaceManager/src/cpSpaceSerializer/cpSpaceSerializer.h:94: warning: Member createRatchetJointElm(cpRatchetJoint *constraint) (function) of class cpSpaceSerializer is not documented.
/depot-kobold2d/Kobold2D_Packages/Kobold2D-2.1.0/__Kobold2D__/libs/Chipmunk-SpaceManager/src/cpSpaceSerializer/cpSpaceSerializer.h:95: warning: Member createRotarySpringJointElm(cpDampedRotarySpring *constraint) (function) of class cpSpaceSerializer is not documented.
/depot-kobold2d/Kobold2D_Packages/Kobold2D-2.1.0/__Kobold2D__/libs/Chipmunk-SpaceManager/src/cpSpaceSerializer/cpSpaceSerializer.h:97: warning: Member createPointElm(const char *name, cpVect pt) (function) of class cpSpaceSerializer is not documented.
/depot-kobold2d/Kobold2D_Packages/Kobold2D-2.1.0/__Kobold2D__/libs/Chipmunk-SpaceManager/src/cpSpaceSerializer/cpSpaceSerializer.h:102: warning: Member bodyMap() (function) of class cpSpaceSerializer is not documented.
/depot-kobold2d/Kobold2D_Packages/Kobold2D-2.1.0/__Kobold2D__/libs/Chipmunk-SpaceManager/src/cpSpaceSerializer/cpSpaceSerializer.h:103: warning: Member shapeMap() (function) of class cpSpaceSerializer is not documented.
/depot-kobold2d/Kobold2D_Packages/Kobold2D-2.1.0/__Kobold2D__/libs/Chipmunk-SpaceManager/src/cpSpaceSerializer/cpSpaceSerializer.h:52: warning: Member delegate (variable) of class cpSpaceSerializer is not documented.
/depot-kobold2d/Kobold2D_Packages/Kobold2D-2.1.0/__Kobold2D__/libs/Chipmunk-SpaceManager/src/cpSpaceSerializer/cpSpaceSerializer.h:27: warning: Member makeId(cpShape *shape) (function) of class cpSpaceSerializerDelegate is not documented.
/depot-kobold2d/Kobold2D_Packages/Kobold2D-2.1.0/__Kobold2D__/libs/Chipmunk-SpaceManager/src/cpSpaceSerializer/cpSpaceSerializer.h:31: warning: Member makeId(cpConstraint *constraint) (function) of class cpSpaceSerializerDelegate is not documented.
/depot-kobold2d/Kobold2D_Packages/Kobold2D-2.1.0/__Kobold2D__/libs/Chipmunk-SpaceManager/src/cpSpaceSerializer/cpSpaceSerializer.h:33: warning: Member writing(cpShape *shape, CPSS_ID shapeId) (function) of class cpSpaceSerializerDelegate is not documented.
/depot-kobold2d/Kobold2D_Packages/Kobold2D-2.1.0/__Kobold2D__/libs/Chipmunk-SpaceManager/src/cpSpaceSerializer/cpSpaceSerializer.h:34: warning: Member writing(cpBody *body, CPSS_ID bodyId) (function) of class cpSpaceSerializerDelegate is not documented.
/depot-kobold2d/Kobold2D_Packages/Kobold2D-2.1.0/__Kobold2D__/libs/Chipmunk-SpaceManager/src/cpSpaceSerializer/cpSpaceSerializer.h:35: warning: Member writing(cpConstraint *constraint, CPSS_ID constraintId) (function) of class cpSpaceSerializerDelegate is not documented.
/depot-kobold2d/Kobold2D_Packages/Kobold2D-2.1.0/__Kobold2D__/libs/Chipmunk-SpaceManager/src/cpSpaceSerializer/cpSpaceSerializer.h:37: warning: Member reading(cpShape *shape, CPSS_ID shapeId) (function) of class cpSpaceSerializerDelegate is not documented.
/depot-kobold2d/Kobold2D_Packages/Kobold2D-2.1.0/__Kobold2D__/libs/Chipmunk-SpaceManager/src/cpSpaceSerializer/cpSpaceSerializer.h:38: warning: Member reading(cpBody *body, CPSS_ID bodyId) (function) of class cpSpaceSerializerDelegate is not documented.
/depot-kobold2d/Kobold2D_Packages/Kobold2D-2.1.0/__Kobold2D__/libs/Chipmunk-SpaceManager/src/cpSpaceSerializer/cpSpaceSerializer.h:39: warning: Member reading(cpConstraint *constraint, CPSS_ID constraintId) (function) of class cpSpaceSerializerDelegate is not documented.
/depot-kobold2d/Kobold2D_Packages/Kobold2D-2.1.0/__Kobold2D__/libs/Chipmunk-SpaceManager/src/SpaceManager.h:187: warning: Member initWithSpace:(cpSpace *space) (function) of class SpaceManager is not documented.
/depot-kobold2d/Kobold2D_Packages/Kobold2D-2.1.0/__Kobold2D__/libs/Chipmunk-SpaceManager/src/SpaceManager.h:207: warning: Member addWindowContainmentWithFriction:elasticity:size:inset:radius:(cpFloat friction,[elasticity] cpFloat elasticity,[size] CGSize wins,[inset] cpVect inset,[radius] cpFloat radius) (function) of class SpaceManager is not documented.
/depot-kobold2d/Kobold2D_Packages/Kobold2D-2.1.0/__Kobold2D__/libs/Chipmunk-SpaceManager/src/SpaceManager.h:209: warning: Member addWindowContainmentWithFriction:elasticity:rect:inset:radius:(cpFloat friction,[elasticity] cpFloat elasticity,[rect] CGRect rect,[inset] cpVect inset,[radius] cpFloat radius) (function) of class SpaceManager is not documented.
/depot-kobold2d/Kobold2D_Packages/Kobold2D-2.1.0/__Kobold2D__/libs/Chipmunk-SpaceManager/src/SpaceManager.h:254: warning: Member addSegmentAtWorldAnchor:toWorldAnchor:mass:radius:(cpVect fromPos,[toWorldAnchor] cpVect toPos,[mass] cpFloat mass,[radius] cpFloat radius) (function) of class SpaceManager is not documented.
/depot-kobold2d/Kobold2D_Packages/Kobold2D-2.1.0/__Kobold2D__/libs/Chipmunk-SpaceManager/src/SpaceManager.h:257: warning: Member addSegmentAt:fromLocalAnchor:toLocalAnchor:mass:radius:(cpVect pos,[fromLocalAnchor] cpVect fromPos,[toLocalAnchor] cpVect toPos,[mass] cpFloat mass,[radius] cpFloat radius) (function) of class SpaceManager is not documented.
/depot-kobold2d/Kobold2D_Packages/Kobold2D-2.1.0/__Kobold2D__/libs/Chipmunk-SpaceManager/src/SpaceManager.h:260: warning: Member addSegmentToBody:fromLocalAnchor:toLocalAnchor:radius:(cpBody *body,[fromLocalAnchor] cpVect fromPos,[toLocalAnchor] cpVect toPos,[radius] cpFloat radius) (function) of class SpaceManager is not documented.
/depot-kobold2d/Kobold2D_Packages/Kobold2D-2.1.0/__Kobold2D__/libs/Chipmunk-SpaceManager/src/SpaceManager.h:178: warning: Member spaceManagerWithSpace:(cpSpace *space) (function) of class SpaceManager is not documented.
/depot-kobold2d/Kobold2D_Packages/Kobold2D-2.1.0/__Kobold2D__/libs/Chipmunk-SpaceManager/src/SpaceManager.h:90: warning: Member _space (variable) of class SpaceManager is not documented.
/depot-kobold2d/Kobold2D_Packages/Kobold2D-2.1.0/__Kobold2D__/libs/Chipmunk-SpaceManager/src/SpaceManager.h:93: warning: Member _invocations (variable) of class SpaceManager is not documented.
/depot-kobold2d/Kobold2D_Packages/Kobold2D-2.1.0/__Kobold2D__/libs/Chipmunk-SpaceManager/src/SpaceManager.h:99: warning: Member _steps (variable) of class SpaceManager is not documented.
/depot-kobold2d/Kobold2D_Packages/Kobold2D-2.1.0/__Kobold2D__/libs/Chipmunk-SpaceManager/src/SpaceManager.h:102: warning: Member _lastDt (variable) of class SpaceManager is not documented.
/depot-kobold2d/Kobold2D_Packages/Kobold2D-2.1.0/__Kobold2D__/libs/Chipmunk-SpaceManager/src/SpaceManager.h:105: warning: Member _timeAccumulator (variable) of class SpaceManager is not documented.
/depot-kobold2d/Kobold2D_Packages/Kobold2D-2.1.0/__Kobold2D__/libs/Chipmunk-SpaceManager/src/SpaceManager.h:114: warning: Member _cleanupBodyDependencies (variable) of class SpaceManager is not documented.
/depot-kobold2d/Kobold2D_Packages/Kobold2D-2.1.0/__Kobold2D__/libs/Chipmunk-SpaceManager/src/SpaceManager.h:115: warning: Member _constraintCleanupDelegate (variable) of class SpaceManager is not documented.
/depot-kobold2d/Kobold2D_Packages/Kobold2D-2.1.0/__Kobold2D__/libs/Chipmunk-SpaceManager/src/SpaceManager.h:116: warning: Member _rehashStaticEveryStep (variable) of class SpaceManager is not documented.
/depot-kobold2d/Kobold2D_Packages/Kobold2D-2.1.0/__Kobold2D__/libs/Chipmunk-SpaceManager/src/SpaceManager.h:117: warning: Member _iterateFunc (variable) of class SpaceManager is not documented.
/depot-kobold2d/Kobold2D_Packages/Kobold2D-2.1.0/__Kobold2D__/libs/Chipmunk-SpaceManager/src/SpaceManager.h:118: warning: Member _eachFunc (variable) of class SpaceManager is not documented.
/depot-kobold2d/Kobold2D_Packages/Kobold2D-2.1.0/__Kobold2D__/libs/Chipmunk-SpaceManager/src/SpaceManager.h:119: warning: Member _constantDt (variable) of class SpaceManager is not documented.
/depot-kobold2d/Kobold2D_Packages/Kobold2D-2.1.0/__Kobold2D__/libs/Chipmunk-SpaceManager/src/SpaceManager.h:96: warning: Member bottomWall (property) of class SpaceManager is not documented.
/depot-kobold2d/Kobold2D_Packages/Kobold2D-2.1.0/__Kobold2D__/libs/Chipmunk-SpaceManager/src/SpaceManager.h:96: warning: Member rightWall (property) of class SpaceManager is not documented.
/depot-kobold2d/Kobold2D_Packages/Kobold2D-2.1.0/__Kobold2D__/libs/Chipmunk-SpaceManager/src/SpaceManager.h:96: warning: Member leftWall (property) of class SpaceManager is not documented.
/depot-kobold2d/Kobold2D_Packages/Kobold2D-2.1.0/__Kobold2D__/libs/Chipmunk-SpaceManager/src/ccExtras/SpaceManagerCocos2d.h:61: warning: Member addWindowContainmentWithFriction:elasticity:inset:radius:(cpFloat friction,[elasticity] cpFloat elasticity,[inset] cpVect inset,[radius] cpFloat radius) (function) of class SpaceManagerCocos2d is not documented.
/depot-kobold2d/Kobold2D_Packages/Kobold2D-2.1.0/__Kobold2D__/libs/Chipmunk-SpaceManager/src/SpaceManager.h:71: warning: Member makeShapeId:(cpShape *shape) (function) of class SpaceManagerSerializeDelegate-p is not documented.
/depot-kobold2d/Kobold2D_Packages/Kobold2D-2.1.0/__Kobold2D__/libs/Chipmunk-SpaceManager/src/SpaceManager.h:72: warning: Member makeBodyId:(cpBody *body) (function) of class SpaceManagerSerializeDelegate-p is not documented.
/depot-kobold2d/Kobold2D_Packages/Kobold2D-2.1.0/__Kobold2D__/libs/Chipmunk-SpaceManager/src/SpaceManager.h:73: warning: Member makeConstraintId:(cpConstraint *constraint) (function) of class SpaceManagerSerializeDelegate-p is not documented.
/depot-kobold2d/Kobold2D_Packages/Kobold2D-2.1.0/__Kobold2D__/libs/Chipmunk-SpaceManager/src/SpaceManager.h:75: warning: Member aboutToWriteShape:shapeId:(cpShape *shape,[shapeId] UInt64 id) (function) of class SpaceManagerSerializeDelegate-p is not documented.
/depot-kobold2d/Kobold2D_Packages/Kobold2D-2.1.0/__Kobold2D__/libs/Chipmunk-SpaceManager/src/SpaceManager.h:76: warning: Member aboutToWriteBody:bodyId:(cpBody *body,[bodyId] UInt64 id) (function) of class SpaceManagerSerializeDelegate-p is not documented.
/depot-kobold2d/Kobold2D_Packages/Kobold2D-2.1.0/__Kobold2D__/libs/Chipmunk-SpaceManager/src/SpaceManager.h:77: warning: Member aboutToWriteConstraint:constraintId:(cpConstraint *constraint,[constraintId] UInt64 id) (function) of class SpaceManagerSerializeDelegate-p is not documented.
/depot-kobold2d/Kobold2D_Packages/Kobold2D-2.1.0/__Kobold2D__/libs/Chipmunk-SpaceManager/src/SpaceManager.h:79: warning: Member aboutToReadShape:shapeId:(cpShape *shape,[shapeId] UInt64 id) (function) of class SpaceManagerSerializeDelegate-p is not documented.
/depot-kobold2d/Kobold2D_Packages/Kobold2D-2.1.0/__Kobold2D__/libs/Chipmunk-SpaceManager/src/SpaceManager.h:80: warning: Member aboutToReadBody:bodyId:(cpBody *body,[bodyId] UInt64 id) (function) of class SpaceManagerSerializeDelegate-p is not documented.
/depot-kobold2d/Kobold2D_Packages/Kobold2D-2.1.0/__Kobold2D__/libs/Chipmunk-SpaceManager/src/SpaceManager.h:81: warning: Member aboutToReadConstraint:constraintId:(cpConstraint *constraint,[constraintId] UInt64 id) (function) of class SpaceManagerSerializeDelegate-p is not documented.
